<?xml version="1.0" encoding="UTF-8"?>
<!-- Generated by org.testng.reporters.JUnitReportReporter -->
<testsuite skipped="0" hostname="DESKTOP-KBKGS95" name="testsuite.calculator" tests="1" failures="0" timestamp="2022-07-08T09:59:33 EDT" time="71.370" errors="0">
  <testcase name="Startretirementplan" time="71.370" classname="testsuite.calculator"/>
  <system-out/>
</testsuite> <!-- testsuite.calculator -->
